Starting TCP server
Serving on ('0.0.0.0', 4400)
Using CUDA device0 _CudaDeviceProperties(name='Quadro K2200', total_memory=4040MB)

Initiating model causes 2638.033152 ms
Read shared memory
The shared memory is not ready, sleep 1s
The shared memory is not ready, sleep 1s
Number of frames: 4
Process image #3[59] of size (1920x1280) captured at 3304761230 [5951147367.020305]
YOLOv5 takes 192.10457801818848ms [5951147616.982844]
Send result back at [5951147625.652218]
Send result back at [5951147626.605244]
Send result back at [5951147627.336418]
Send result back at [5951147628.06378]
Send result back at [5951147628.848677]
Send result back at [5951147629.570758]
Processing image causes 296.641588 ms
New frame is ready, skip frame #4[60], captured at 3304770680 [5951147663.716324]
Process image #5[61] of size (1920x1280) captured at 3304779230 [5951147664.976912]
YOLOv5 takes 157.57036209106445ms [5951147840.8503275]
Send result back at [5951147842.183632]
Send result back at [5951147842.96601]
Send result back at [5951147843.728624]
Send result back at [5951147844.468382]
Send result back at [5951147845.245457]
Send result back at [5951147846.004117]
Send result back at [5951147848.287343]
Processing image causes 226.723433 ms
New frame is ready, skip frame #6[63], captured at 3304797230 [5951147891.799151]
Process image #7[64] of size (1920x1280) captured at 3304806230 [5951147893.137713]
YOLOv5 takes 157.728910446167ms [5951148073.915437]
Send result back at [5951148076.1751375]
Send result back at [5951148077.200758]
Send result back at [5951148078.136885]
Send result back at [5951148079.200576]
Send result back at [5951148080.173225]
Processing image causes 231.443644 ms
New frame is ready, skip frame #8[65], captured at 3304815230 [5951148124.646694]
Process image #9[66] of size (1920x1280) captured at 3304824680 [5951148125.797028]
YOLOv5 takes 158.29086303710938ms [5951148303.147066]
Send result back at [5951148305.386625]
Send result back at [5951148306.405963]
Send result back at [5951148307.39708]
Send result back at [5951148308.467327]
Send result back at [5951148309.390779]
Send result back at [5951148310.315573]
Send result back at [5951148311.416064]
Processing image causes 220.338345 ms
New frame is ready, skip frame #10[67], captured at 3304833320 [5951148346.202432]
Process image #11[68] of size (1920x1280) captured at 3304842860 [5951148347.759713]
YOLOv5 takes 157.31215476989746ms [5951148532.044153]
Send result back at [5951148533.388864]
Send result back at [5951148534.186124]
Send result back at [5951148534.950164]
Send result back at [5951148536.02676]
Send result back at [5951148536.87817]
Send result back at [5951148537.611151]
Send result back at [5951148538.281797]
Send result back at [5951148538.919729]
Processing image causes 236.556530 ms
New frame is ready, skip frame #12[69], captured at 3304851950 [5951148584.419592]
Process image #13[70] of size (1920x1280) captured at 3304860680 [5951148585.3990555]
YOLOv5 takes 157.62686729431152ms [5951148774.672524]
Send result back at [5951148776.958392]
Send result back at [5951148778.016407]
Send result back at [5951148778.948157]
Send result back at [5951148779.907953]
Send result back at [5951148780.849022]
Send result back at [5951148781.733646]
Send result back at [5951148782.623441]
Processing image causes 240.825891 ms
New frame is ready, skip frame #14[71], captured at 3304869410 [5951148826.290421]
New frame is ready, skip frame #15[72], captured at 3304879130 [5951148826.299553]
Process image #16[73] of size (1920x1280) captured at 3304887500 [5951148827.491471]
YOLOv5 takes 157.56559371948242ms [5951149003.389582]
Send result back at [5951149005.516639]
Send result back at [5951149006.492055]
Send result back at [5951149007.465345]
Send result back at [5951149008.409526]
Send result back at [5951149009.242802]
Send result back at [5951149009.887442]
Send result back at [5951149010.545418]
Send result back at [5951149011.347583]
Processing image causes 219.379425 ms
New frame is ready, skip frame #17[74], captured at 3304896770 [5951149046.982254]
Process image #18[75] of size (1920x1280) captured at 3304906040 [5951149048.718777]
YOLOv5 takes 157.27758407592773ms [5951149226.596431]
Send result back at [5951149227.971989]
Send result back at [5951149228.674793]
Send result back at [5951149229.364034]
Send result back at [5951149230.204144]
Send result back at [5951149230.940332]
Send result back at [5951149231.598696]
Send result back at [5951149232.301033]
Processing image causes 223.456860 ms
New frame is ready, skip frame #19[76], captured at 3304915130 [5951149272.268526]
Process image #20[77] of size (1920x1280) captured at 3304923410 [5951149273.661253]
YOLOv5 takes 157.17506408691406ms [5951149462.632708]
Send result back at [5951149464.902536]
Send result back at [5951149466.154096]
Send result back at [5951149467.3910475]
Send result back at [5951149468.659147]
Send result back at [5951149469.4935255]
Send result back at [5951149470.185661]
Send result back at [5951149471.173185]
Send result back at [5951149472.523251]
Processing image causes 253.393888 ms
New frame is ready, skip frame #21[78], captured at 3304932860 [5951149527.122648]
New frame is ready, skip frame #22[79], captured at 3304941230 [5951149527.131061]
Process image #23[80] of size (1920x1280) captured at 3304950950 [5951149527.985259]
YOLOv5 takes 157.53889083862305ms [5951149702.947453]
Send result back at [5951149705.19402]
Send result back at [5951149706.218142]
Send result back at [5951149707.227131]
Send result back at [5951149708.151149]
Send result back at [5951149709.3102]
Send result back at [5951149710.075948]
Send result back at [5951149710.782377]
Send result back at [5951149711.434106]
Send result back at [5951149712.251595]
Processing image causes 219.837666 ms
New frame is ready, skip frame #24[81], captured at 3304959950 [5951149747.983554]
Process image #25[82] of size (1920x1280) captured at 3304969040 [5951149749.430211]
YOLOv5 takes 158.03885459899902ms [5951149931.06982]
Send result back at [5951149932.567688]
Send result back at [5951149933.312942]
Send result back at [5951149933.9879055]
Send result back at [5951149934.760228]
Send result back at [5951149935.485966]
Send result back at [5951149936.207096]
Send result back at [5951149937.001973]
Send result back at [5951149937.707157]
Send result back at [5951149938.432089]
Send result back at [5951149939.184352]
Send result back at [5951149939.984727]
Processing image causes 237.589836 ms
New frame is ready, skip frame #26[83], captured at 3304977140 [5951149987.111491]
Process image #27[84] of size (1920x1280) captured at 3304986590 [5951149988.045145]
YOLOv5 takes 157.10139274597168ms [5951150173.527399]
Send result back at [5951150174.916757]
Send result back at [5951150175.813846]
Send result back at [5951150176.5876045]
Send result back at [5951150177.292069]
Send result back at [5951150178.016273]
Send result back at [5951150178.774814]
Send result back at [5951150179.501148]
Send result back at [5951150180.207122]
Send result back at [5951150181.012456]
Processing image causes 226.284742 ms
New frame is ready, skip frame #28[85], captured at 3304995590 [5951150214.3955765]
Process image #29[86] of size (1920x1280) captured at 3305004770 [5951150215.308978]
YOLOv5 takes 158.33520889282227ms [5951150391.973256]
Send result back at [5951150394.163423]
Send result back at [5951150395.29374]
Send result back at [5951150396.272692]
Send result back at [5951150397.186868]
Send result back at [5951150398.097129]
Send result back at [5951150399.097152]
Send result back at [5951150400.032838]
Send result back at [5951150401.057153]
Processing image causes 223.543882 ms
New frame is ready, skip frame #30[87], captured at 3305013320 [5951150438.92247]
New frame is ready, skip frame #31[88], captured at 3305022320 [5951150438.93122]
Process image #32[89] of size (1920x1280) captured at 3305031230 [5951150440.073807]
YOLOv5 takes 156.9359302520752ms [5951150618.872589]
Send result back at [5951150620.279251]
Send result back at [5951150620.975976]
Send result back at [5951150621.582606]
Send result back at [5951150622.175512]
Send result back at [5951150622.777257]
Send result back at [5951150623.855534]
Send result back at [5951150624.7694235]
Processing image causes 223.457098 ms
New frame is ready, skip frame #33[90], captured at 3305040230 [5951150663.636938]
Process image #34[91] of size (1920x1280) captured at 3305049320 [5951150665.048872]
YOLOv5 takes 157.6695442199707ms [5951150854.423288]
Send result back at [5951150856.256273]
Send result back at [5951150857.2424]
Send result back at [5951150858.044652]
Send result back at [5951150858.785175]
Send result back at [5951150859.474813]
Send result back at [5951150860.271256]
Send result back at [5951150861.53548]
Send result back at [5951150862.617141]
Processing image causes 251.774073 ms
New frame is ready, skip frame #35[92], captured at 3305058230 [5951150916.913379]
Process image #36[93] of size (1920x1280) captured at 3305067230 [5951150917.9581585]
YOLOv5 takes 157.13095664978027ms [5951151100.184405]
Send result back at [5951151101.599235]
Send result back at [5951151102.530777]
Send result back at [5951151103.39198]
Send result back at [5951151104.228699]
Send result back at [5951151104.98874]
Send result back at [5951151105.778978]
Send result back at [5951151106.595477]
Send result back at [5951151107.53419]
Send result back at [5951151108.359746]
Send result back at [5951151109.230623]
Processing image causes 228.186607 ms
New frame is ready, skip frame #37[94], captured at 3305076230 [5951151146.215589]
New frame is ready, skip frame #38[95], captured at 3305085320 [5951151146.225014]
Process image #39[96] of size (1920x1280) captured at 3305094410 [5951151147.211472]
YOLOv5 takes 158.03289413452148ms [5951151325.6866865]
Send result back at [5951151327.643002]
Send result back at [5951151328.661616]
Send result back at [5951151329.604571]
Send result back at [5951151330.5686245]
Send result back at [5951151331.60449]
Send result back at [5951151332.477252]
Send result back at [5951151333.317467]
Send result back at [5951151334.189644]
Send result back at [5951151335.079451]
Send result back at [5951151336.123746]
Send result back at [5951151336.96514]
Processing image causes 229.944706 ms
New frame is ready, skip frame #40[97], captured at 3305103140 [5951151377.251021]
Process image #41[98] of size (1920x1280) captured at 3305113040 [5951151378.19678]
YOLOv5 takes 157.01818466186523ms [5951151566.873948]
Send result back at [5951151568.252453]
Send result back at [5951151569.006051]
Send result back at [5951151569.730519]
Send result back at [5951151570.435705]
Send result back at [5951151571.178097]
Send result back at [5951151571.809814]
Send result back at [5951151572.442206]
Send result back at [5951151573.098183]
Send result back at [5951151573.829888]
Send result back at [5951151574.511573]
Send result back at [5951151575.16505]
Processing image causes 229.349375 ms
New frame is ready, skip frame #42[99], captured at 3305121860 [5951151607.618632]
Process image #43[100] of size (1920x1280) captured at 3305130950 [5951151608.641933]
YOLOv5 takes 158.19716453552246ms [5951151785.020668]
Send result back at [5951151787.270838]
Send result back at [5951151788.403914]
Send result back at [5951151789.42049]
Send result back at [5951151790.508605]
Send result back at [5951151791.427623]
Send result back at [5951151792.388941]
Send result back at [5951151793.355459]
Processing image causes 224.896669 ms
New frame is ready, skip frame #44[101], captured at 3305139320 [5951151833.646149]
New frame is ready, skip frame #45[102], captured at 3305148590 [5951151833.66844]
Process image #46[103] of size (1920x1280) captured at 3305157230 [5951151834.56105]
YOLOv5 takes 156.96382522583008ms [5951152011.094615]
Send result back at [5951152012.521168]
Send result back at [5951152013.4770355]
Send result back at [5951152014.321711]
Send result back at [5951152015.134911]
Send result back at [5951152015.938555]
Send result back at [5951152016.824337]
Send result back at [5951152017.603695]
Processing image causes 216.759920 ms
New frame is ready, skip frame #47[104], captured at 3305166230 [5951152051.388883]
Process image #48[105] of size (1920x1280) captured at 3305175320 [5951152052.310249]
YOLOv5 takes 156.79454803466797ms [5951152229.634342]
Send result back at [5951152231.006523]
Send result back at [5951152231.902289]
Send result back at [5951152232.707681]
Send result back at [5951152233.44642]
Send result back at [5951152234.179261]
Send result back at [5951152234.92039]
Send result back at [5951152235.722371]
Send result back at [5951152236.425877]
Processing image causes 224.280357 ms
New frame is ready, skip frame #49[106], captured at 3305184950 [5951152276.685931]
Process image #50[107] of size (1920x1280) captured at 3305193860 [5951152277.639293]
YOLOv5 takes 157.44400024414062ms [5951152466.816238]
Send result back at [5951152468.990439]
Send result back at [5951152470.080814]
Send result back at [5951152471.157236]
Send result back at [5951152472.102008]
Send result back at [5951152473.041922]
Send result back at [5951152473.972106]
Send result back at [5951152474.905975]
Send result back at [5951152475.772093]
Processing image causes 248.261929 ms
New frame is ready, skip frame #51[108], captured at 3305202320 [5951152525.977714]
Process image #52[109] of size (1920x1280) captured at 3305211860 [5951152527.098727]
YOLOv5 takes 157.5295925140381ms [5951152702.938379]
Send result back at [5951152705.17312]
Send result back at [5951152706.27847]
Send result back at [5951152707.31349]
Send result back at [5951152708.293101]
Send result back at [5951152709.04297]
Send result back at [5951152709.733528]
Send result back at [5951152710.339258]
Send result back at [5951152710.970782]
Processing image causes 218.155861 ms
New frame is ready, skip frame #53[110], captured at 3305220590 [5951152745.39701]
New frame is ready, skip frame #54[111], captured at 3305229410 [5951152745.415226]
Process image #55[112] of size (1920x1280) captured at 3305238500 [5951152746.693282]
YOLOv5 takes 157.928466796875ms [5951152931.958972]
Send result back at [5951152933.374751]
Send result back at [5951152934.166695]
Send result back at [5951152935.218439]
Send result back at [5951152935.941322]
Send result back at [5951152936.538193]
Send result back at [5951152937.121546]
Send result back at [5951152937.866899]
Processing image causes 233.212471 ms
New frame is ready, skip frame #56[113], captured at 3305247410 [5951152980.002836]
Process image #57[114] of size (1920x1280) captured at 3305256680 [5951152980.966432]
YOLOv5 takes 157.55295753479004ms [5951153170.199627]
Send result back at [5951153172.242172]
Send result back at [5951153173.307076]
Send result back at [5951153174.291083]
Send result back at [5951153175.225281]
Send result back at [5951153176.164209]
Send result back at [5951153177.088649]
Send result back at [5951153177.953027]
Send result back at [5951153179.020362]
Send result back at [5951153180.010528]
Send result back at [5951153180.932001]
Send result back at [5951153181.855539]
Processing image causes 250.337601 ms
New frame is ready, skip frame #58[115], captured at 3305265500 [5951153231.3954735]
New frame is ready, skip frame #59[116], captured at 3305274410 [5951153231.410772]
Process image #60[117] of size (1920x1280) captured at 3305283230 [5951153232.410555]
YOLOv5 takes 157.92107582092285ms [5951153411.439759]
Send result back at [5951153413.399135]
Send result back at [5951153414.396884]
Send result back at [5951153415.455867]
Send result back at [5951153416.293985]
Send result back at [5951153417.262455]
Send result back at [5951153418.255032]
Send result back at [5951153419.103855]
Send result back at [5951153420.015008]
Send result back at [5951153420.727651]
Send result back at [5951153421.439452]
Processing image causes 223.994970 ms
New frame is ready, skip frame #61[118], captured at 3305292320 [5951153456.478307]
Process image #62[119] of size (1920x1280) captured at 3305301410 [5951153457.667113]
YOLOv5 takes 158.10060501098633ms [5951153633.832785]
Send result back at [5951153635.258902]
Send result back at [5951153635.962515]
Send result back at [5951153636.674474]
Send result back at [5951153637.32784]
Send result back at [5951153638.268577]
Send result back at [5951153639.131532]
Send result back at [5951153639.850678]
Send result back at [5951153640.617357]
Processing image causes 222.654343 ms
New frame is ready, skip frame #63[120], captured at 3305310320 [5951153680.392364]
Process image #64[121] of size (1920x1280) captured at 3305319320 [5951153681.271166]
YOLOv5 takes 157.9596996307373ms [5951153862.649417]
Send result back at [5951153864.353309]
Send result back at [5951153865.143585]
Send result back at [5951153865.831013]
Send result back at [5951153866.77897]
Send result back at [5951153867.908433]
Send result back at [5951153868.871433]
Send result back at [5951153870.066046]
Send result back at [5951153871.059578]
Send result back at [5951153871.925135]
Send result back at [5951153872.987976]
Processing image causes 242.552996 ms
New frame is ready, skip frame #65[122], captured at 3305328410 [5951153923.892372]
Process image #66[123] of size (1920x1280) captured at 3305337590 [5951153924.958719]
YOLOv5 takes 157.34505653381348ms [5951154101.05879]
Send result back at [5951154103.239138]
Send result back at [5951154104.544251]
Send result back at [5951154105.496262]
Send result back at [5951154106.451358]
Send result back at [5951154107.468912]
Send result back at [5951154108.419615]
Send result back at [5951154109.390716]
Send result back at [5951154110.15733]
Send result back at [5951154110.79699]
Processing image causes 221.482754 ms
New frame is ready, skip frame #67[124], captured at 3305346320 [5951154146.532571]
New frame is ready, skip frame #68[125], captured at 3305355500 [5951154146.541986]
Process image #69[126] of size (1920x1280) captured at 3305364590 [5951154148.641302]
YOLOv5 takes 157.5455665588379ms [5951154328.884626]
Send result back at [5951154330.78128]
Send result back at [5951154331.71652]
Send result back at [5951154332.557222]
Send result back at [5951154333.33063]
Send result back at [5951154334.067822]
Send result back at [5951154334.73972]
Send result back at [5951154335.4761505]
Send result back at [5951154336.347429]
Send result back at [5951154337.236951]
Send result back at [5951154338.036591]
Processing image causes 238.886833 ms
New frame is ready, skip frame #70[127], captured at 3305373320 [5951154387.613462]
Process image #71[128] of size (1920x1280) captured at 3305382500 [5951154388.626952]
YOLOv5 takes 157.90867805480957ms [5951154576.707545]
Send result back at [5951154578.835245]
Send result back at [5951154579.871633]
Send result back at [5951154580.829905]
Send result back at [5951154581.670463]
Send result back at [5951154582.555309]
Send result back at [5951154583.414812]
Send result back at [5951154584.307947]
Send result back at [5951154585.250167]
Send result back at [5951154586.281651]
Processing image causes 242.503405 ms
New frame is ready, skip frame #72[129], captured at 3305391500 [5951154631.194107]
New frame is ready, skip frame #73[130], captured at 3305400410 [5951154631.203274]
Process image #74[131] of size (1920x1280) captured at 3305409950 [5951154632.034166]
YOLOv5 takes 157.83214569091797ms [5951154809.471289]
Send result back at [5951154810.8662615]
Send result back at [5951154811.7348]
Send result back at [5951154812.479345]
Send result back at [5951154813.202465]
Send result back at [5951154813.95167]
Send result back at [5951154814.695172]
Send result back at [5951154815.494668]
Send result back at [5951154816.34702]
Send result back at [5951154817.191594]
Processing image causes 220.429659 ms
New frame is ready, skip frame #75[132], captured at 3305418860 [5951154852.534414]
Process image #76[133] of size (1920x1280) captured at 3305427860 [5951154853.518981]
YOLOv5 takes 157.2270393371582ms [5951155038.518488]
Send result back at [5951155040.029242]
Send result back at [5951155040.866723]
Send result back at [5951155041.66687]
Send result back at [5951155042.379603]
Send result back at [5951155043.0497]
Send result back at [5951155043.822091]
Send result back at [5951155044.475127]
Send result back at [5951155045.34286]
Processing image causes 241.995573 ms
New frame is ready, skip frame #77[134], captured at 3305436320 [5951155095.610953]
Process image #78[135] of size (1920x1280) captured at 3305445140 [5951155096.595795]
YOLOv5 takes 157.5462818145752ms [5951155281.687351]
Send result back at [5951155284.0445595]
Send result back at [5951155285.103806]
Send result back at [5951155286.106045]
Send result back at [5951155287.032685]
Send result back at [5951155287.911562]
Send result back at [5951155288.830821]
Send result back at [5951155289.994027]
Send result back at [5951155290.974597]
Processing image causes 238.884211 ms
New frame is ready, skip frame #79[136], captured at 3305454320 [5951155335.544523]
New frame is ready, skip frame #80[137], captured at 3305463230 [5951155335.552801]
Process image #81[138] of size (1920x1280) captured at 3305472680 [5951155336.430667]
YOLOv5 takes 157.6530933380127ms [5951155517.896226]
Send result back at [5951155519.323271]
Send result back at [5951155520.021001]
Send result back at [5951155520.678812]
Send result back at [5951155521.5385475]
Send result back at [5951155522.301757]
Send result back at [5951155523.112872]
Send result back at [5951155524.0092535]
Send result back at [5951155524.665093]
Send result back at [5951155525.226488]
Processing image causes 224.658728 ms
New frame is ready, skip frame #82[139], captured at 3305481410 [5951155561.188712]
Process image #83[140] of size (1920x1280) captured at 3305490590 [5951155562.795948]
YOLOv5 takes 158.2648754119873ms [5951155748.368452]
Send result back at [5951155750.804866]
Send result back at [5951155751.645653]
Send result back at [5951155752.342046]
Send result back at [5951155753.0544]
Send result back at [5951155753.768498]
Send result back at [5951155754.454988]
Send result back at [5951155755.205189]
Processing image causes 244.816542 ms
New frame is ready, skip frame #84[141], captured at 3305499500 [5951155807.720423]
Process image #85[142] of size (1920x1280) captured at 3305508680 [5951155808.808556]
YOLOv5 takes 158.0488681793213ms [5951155987.381431]
Send result back at [5951155989.669386]
Send result back at [5951155990.782103]
Send result back at [5951155991.780102]
Send result back at [5951155992.756395]
Send result back at [5951155993.670132]
Send result back at [5951155994.626785]
Send result back at [5951155995.570961]
Send result back at [5951155996.457907]
Processing image causes 233.013868 ms
New frame is ready, skip frame #86[143], captured at 3305517320 [5951156041.886906]
New frame is ready, skip frame #87[144], captured at 3305526320 [5951156041.895778]
Process image #88[145] of size (1920x1280) captured at 3305535140 [5951156042.845984]
YOLOv5 takes 157.46116638183594ms [5951156220.567391]
Send result back at [5951156222.075525]
Send result back at [5951156222.926006]
Send result back at [5951156223.7049465]
Send result back at [5951156224.390925]
Send result back at [5951156225.077308]
Send result back at [5951156225.775641]
Send result back at [5951156226.487334]
Send result back at [5951156227.128084]
Processing image causes 221.997261 ms
New frame is ready, skip frame #89[146], captured at 3305545040 [5951156264.926138]
Process image #90[147] of size (1920x1280) captured at 3305553860 [5951156265.918532]
YOLOv5 takes 157.6101779937744ms [5951156455.371051]
Send result back at [5951156457.726143]
Send result back at [5951156459.2227955]
Send result back at [5951156460.264949]
Send result back at [5951156460.948704]
Send result back at [5951156461.592493]
Send result back at [5951156462.345771]
Send result back at [5951156463.101456]
Send result back at [5951156463.802884]
Processing image causes 241.638660 ms
New frame is ready, skip frame #91[148], captured at 3305562410 [5951156507.633734]
Process image #92[149] of size (1920x1280) captured at 3305571500 [5951156508.5781145]
YOLOv5 takes 157.4404239654541ms [5951156687.465749]
Send result back at [5951156689.489077]
Send result back at [5951156690.505311]
Send result back at [5951156691.415346]
Send result back at [5951156692.276979]
Send result back at [5951156693.086758]
Send result back at [5951156694.000095]
Send result back at [5951156694.827298]
Send result back at [5951156695.707086]
Processing image causes 226.774216 ms
New frame is ready, skip frame #93[150], captured at 3305580410 [5951156735.419119]
New frame is ready, skip frame #94[151], captured at 3305589140 [5951156735.428502]
Process image #95[152] of size (1920x1280) captured at 3305599040 [5951156736.26596]
YOLOv5 takes 158.01572799682617ms [5951156915.42479]
Send result back at [5951156916.923589]
Send result back at [5951156917.712237]
Send result back at [5951156918.343759]
Send result back at [5951156919.032157]
Send result back at [5951156919.732846]
Send result back at [5951156920.333964]
Send result back at [5951156920.955856]
Send result back at [5951156921.560297]
Processing image causes 221.053839 ms
New frame is ready, skip frame #96[153], captured at 3305607860 [5951156957.4403]
Process image #97[154] of size (1920x1280) captured at 3305616950 [5951156959.31908]
YOLOv5 takes 157.10020065307617ms [5951157135.994942]
Send result back at [5951157137.928791]
Send result back at [5951157138.81462]
Send result back at [5951157139.584981]
Send result back at [5951157140.226593]
Send result back at [5951157140.845665]
Send result back at [5951157141.69822]
Send result back at [5951157142.500296]
Send result back at [5951157143.164528]
Send result back at [5951157143.7482395]
Send result back at [5951157144.375272]
Send result back at [5951157145.132601]
Processing image causes 225.485802 ms
New frame is ready, skip frame #98[155], captured at 3305625230 [5951157184.889676]
Process image #99[156] of size (1920x1280) captured at 3305634410 [5951157185.826616]
YOLOv5 takes 158.48207473754883ms [5951157370.062351]
Send result back at [5951157371.502269]
Send result back at [5951157372.293845]
Send result back at [5951157372.968267]
Send result back at [5951157373.651672]
Send result back at [5951157374.298053]
Send result back at [5951157374.975607]
Send result back at [5951157375.673499]
Send result back at [5951157376.371483]
Send result back at [5951157377.024609]
Send result back at [5951157377.691756]
Send result back at [5951157378.550059]
Processing image causes 229.289532 ms
New frame is ready, skip frame #100[157], captured at 3305643230 [5951157415.22275]
Process image #101[158] of size (1920x1280) captured at 3305652410 [5951157417.153962]
YOLOv5 takes 157.52530097961426ms [5951157592.336389]
Send result back at [5951157594.327203]
Send result back at [5951157595.323506]
Send result back at [5951157596.223399]
Send result back at [5951157597.025345]
Send result back at [5951157597.924699]
Send result back at [5951157598.786678]
Send result back at [5951157599.609951]
Send result back at [5951157600.430018]
Send result back at [5951157601.373549]
Processing image causes 216.667414 ms
New frame is ready, skip frame #102[159], captured at 3305661320 [5951157633.888225]
New frame is ready, skip frame #103[160], captured at 3305670410 [5951157633.896892]
Process image #104[161] of size (1920x1280) captured at 3305679140 [5951157634.80087]
YOLOv5 takes 157.8543186187744ms [5951157812.227758]
Send result back at [5951157813.675732]
Send result back at [5951157814.43306]
Send result back at [5951157815.209473]
Send result back at [5951157815.827895]
Send result back at [5951157816.429044]
Send result back at [5951157817.04092]
Send result back at [5951157817.623445]
Send result back at [5951157818.216151]
Send result back at [5951157818.8483515]
Send result back at [5951157819.437251]
Processing image causes 220.177650 ms
New frame is ready, skip frame #105[162], captured at 3305688410 [5951157855.051643]
Process image #106[163] of size (1920x1280) captured at 3305697320 [5951157856.225558]
YOLOv5 takes 158.13159942626953ms [5951158041.56434]
Send result back at [5951158042.950173]
Send result back at [5951158043.702495]
Send result back at [5951158044.56448]
Send result back at [5951158045.62846]
Send result back at [5951158046.738665]
Send result back at [5951158047.709984]
Send result back at [5951158048.522612]
Send result back at [5951158049.2407]
Processing image causes 242.671251 ms
New frame is ready, skip frame #107[164], captured at 3305706230 [5951158099.0009575]
Process image #108[165] of size (1920x1280) captured at 3305715410 [5951158099.978947]
YOLOv5 takes 157.56535530090332ms [5951158282.578359]
Send result back at [5951158284.787455]
Send result back at [5951158285.984211]
Send result back at [5951158287.005864]
Send result back at [5951158287.988176]
Send result back at [5951158288.973194]
Send result back at [5951158289.903148]
Send result back at [5951158290.833886]
Processing image causes 233.787298 ms
New frame is ready, skip frame #109[166], captured at 3305724860 [5951158333.831255]
New frame is ready, skip frame #110[167], captured at 3305733950 [5951158333.840885]
Process image #111[168] of size (1920x1280) captured at 3305742950 [5951158334.683598]
YOLOv5 takes 157.73558616638184ms [5951158515.370516]
Send result back at [5951158517.376032]
Send result back at [5951158518.314432]
Send result back at [5951158518.936879]
Send result back at [5951158519.5364275]
Send result back at [5951158520.094155]
Send result back at [5951158520.670969]
Send result back at [5951158521.401398]
Send result back at [5951158522.315445]
Processing image causes 228.859186 ms
New frame is ready, skip frame #112[169], captured at 3305751320 [5951158563.696543]
Process image #113[170] of size (1920x1280) captured at 3305761040 [5951158564.899312]
YOLOv5 takes 157.67645835876465ms [5951158753.845962]
Send result back at [5951158756.022061]
Send result back at [5951158757.025896]
Send result back at [5951158757.952635]
Send result back at [5951158759.051298]
Send result back at [5951158759.923674]
Send result back at [5951158760.798242]
Send result back at [5951158761.604601]
Send result back at [5951158762.425428]
Send result back at [5951158763.420364]
Send result back at [5951158764.917763]
Send result back at [5951158765.6772585]
Processing image causes 248.381615 ms
New frame is ready, skip frame #114[171], captured at 3305769860 [5951158813.357556]
Process image #115[172] of size (1920x1280) captured at 3305778500 [5951158814.737572]
YOLOv5 takes 157.57513046264648ms [5951158991.3484]
Send result back at [5951158993.499622]
Send result back at [5951158994.429598]
Send result back at [5951158995.282479]
Send result back at [5951158996.174447]
Send result back at [5951158997.050621]
Send result back at [5951158997.814807]
Send result back at [5951158998.654978]
Send result back at [5951158999.498801]
Send result back at [5951159000.470055]
Send result back at [5951159001.219347]
Processing image causes 227.401257 ms
New frame is ready, skip frame #116[173], captured at 3305787410 [5951159042.2020235]
New frame is ready, skip frame #117[174], captured at 3305796590 [5951159042.210956]
Process image #118[175] of size (1920x1280) captured at 3305805410 [5951159043.083298]
YOLOv5 takes 157.1049690246582ms [5951159226.279469]
Send result back at [5951159227.653978]
Send result back at [5951159228.462344]
Send result back at [5951159229.19563]
Send result back at [5951159229.88908]
Send result back at [5951159230.630683]
Send result back at [5951159231.351839]
Send result back at [5951159232.0562105]
Processing image causes 233.921766 ms
New frame is ready, skip frame #119[176], captured at 3305814410 [5951159277.106432]
Process image #120[177] of size (1920x1280) captured at 3305823500 [5951159278.1043]
YOLOv5 takes 157.94634819030762ms [5951159467.754615]
Send result back at [5951159469.961296]
Send result back at [5951159471.032417]
Send result back at [5951159472.024157]
Send result back at [5951159473.122024]
Send result back at [5951159474.016809]
Send result back at [5951159474.977122]
Send result back at [5951159475.942984]
Send result back at [5951159476.944694]
Processing image causes 245.877504 ms
New frame is ready, skip frame #121[178], captured at 3305832770 [5951159524.050423]
New frame is ready, skip frame #122[179], captured at 3305841500 [5951159524.060007]
Process image #123[180] of size (1920x1280) captured at 3305850410 [5951159524.908075]
YOLOv5 takes 157.68766403198242ms [5951159700.985771]
Send result back at [5951159703.257594]
Send result back at [5951159704.539395]
Send result back at [5951159705.563787]
Send result back at [5951159706.432188]
Send result back at [5951159707.366834]
Send result back at [5951159707.9738455]
Send result back at [5951159708.597373]
Send result back at [5951159709.312484]
Processing image causes 218.169451 ms
New frame is ready, skip frame #124[181], captured at 3305859320 [5951159743.144678]
Process image #125[182] of size (1920x1280) captured at 3305868500 [5951159744.016]
YOLOv5 takes 157.5460433959961ms [5951159923.578868]
Send result back at [5951159924.9533615]
Send result back at [5951159925.610876]
Send result back at [5951159926.288031]
Send result back at [5951159926.962613]
Send result back at [5951159927.618011]
Send result back at [5951159928.266303]
Send result back at [5951159928.939212]
Send result back at [5951159929.587258]
Processing image causes 227.947712 ms
New frame is ready, skip frame #126[183], captured at 3305877320 [5951159972.056567]
Process image #127[184] of size (1920x1280) captured at 3305886500 [5951159973.189603]
YOLOv5 takes 157.37676620483398ms [5951160162.857534]
Send result back at [5951160164.317847]
Send result back at [5951160165.11911]
Send result back at [5951160165.927277]
Send result back at [5951160166.828164]
Send result back at [5951160167.697963]
Send result back at [5951160168.715463]
Send result back at [5951160169.7953415]
Send result back at [5951160170.761273]
Processing image causes 230.978489 ms
New frame is ready, skip frame #128[185], captured at 3305895230 [5951160204.238573]
Process image #129[186] of size (1920x1280) captured at 3305904680 [5951160205.23121]
YOLOv5 takes 158.2205295562744ms [5951160381.829804]
Send result back at [5951160384.1256]
Send result back at [5951160385.218254]
Send result back at [5951160386.139214]
Send result back at [5951160387.209926]
Send result back at [5951160388.142731]
Send result back at [5951160389.075019]
Send result back at [5951160390.045597]
Send result back at [5951160391.026589]
Send result back at [5951160391.938854]
Processing image causes 227.575779 ms
New frame is ready, skip frame #130[187], captured at 3305913590 [5951160432.876393]
New frame is ready, skip frame #131[188], captured at 3305922950 [5951160432.884668]
Process image #132[189] of size (1920x1280) captured at 3305931140 [5951160433.74943]
YOLOv5 takes 157.6390266418457ms [5951160611.819233]
Send result back at [5951160614.098129]
Send result back at [5951160615.409319]
Send result back at [5951160616.263352]
Send result back at [5951160616.997163]
Send result back at [5951160617.764289]
Send result back at [5951160618.716189]
Send result back at [5951160620.24277]
Send result back at [5951160621.900074]
Send result back at [5951160623.18502]
Processing image causes 243.465424 ms
New frame is ready, skip frame #133[190], captured at 3305940410 [5951160677.308876]
Process image #134[191] of size (1920x1280) captured at 3305949500 [5951160678.284343]
YOLOv5 takes 157.8812599182129ms [5951160862.831966]
Send result back at [5951160864.211473]
Send result back at [5951160865.162788]
Send result back at [5951160866.098604]
Send result back at [5951160867.234476]
Send result back at [5951160868.2053385]
Send result back at [5951160869.137961]
Send result back at [5951160870.066442]
Send result back at [5951160870.993587]
Processing image causes 243.391752 ms
New frame is ready, skip frame #135[192], captured at 3305958410 [5951160921.766974]
New frame is ready, skip frame #136[193], captured at 3305968040 [5951160921.776472]
Process image #137[194] of size (1920x1280) captured at 3305976950 [5951160922.699828]
YOLOv5 takes 157.41205215454102ms [5951161098.3780155]
Send result back at [5951161100.420662]
Send result back at [5951161101.488993]
Send result back at [5951161102.6015005]
Send result back at [5951161103.481968]
Send result back at [5951161104.333509]
Send result back at [5951161105.159535]
Send result back at [5951161105.965824]
Send result back at [5951161106.747656]
Processing image causes 219.421864 ms
New frame is ready, skip frame #138[195], captured at 3305985320 [5951161142.176924]
Process image #139[196] of size (1920x1280) captured at 3305994950 [5951161143.028249]
YOLOv5 takes 158.41031074523926ms [5951161327.77224]
Send result back at [5951161329.891316]
Send result back at [5951161331.04515]
Send result back at [5951161332.193271]
Send result back at [5951161333.115001]
Send result back at [5951161333.993943]
Send result back at [5951161334.903103]
Send result back at [5951161335.78232]
Send result back at [5951161336.762715]
Send result back at [5951161337.711157]
Processing image causes 252.319336 ms
New frame is ready, skip frame #140[197], captured at 3306003230 [5951161395.449889]
Process image #141[198] of size (1920x1280) captured at 3306012590 [5951161396.409172]
YOLOv5 takes 157.4077606201172ms [5951161580.224705]
Send result back at [5951161581.628709]
Send result back at [5951161582.40502]
Send result back at [5951161583.164556]
Send result back at [5951161583.894146]
Send result back at [5951161584.614883]
Send result back at [5951161585.33527]
Send result back at [5951161586.072037]
Send result back at [5951161586.870588]
Send result back at [5951161587.568458]
Send result back at [5951161588.386409]
Send result back at [5951161589.214003]
Send result back at [5951161590.077081]
Send result back at [5951161590.828983]
Send result back at [5951161591.651789]
Send result back at [5951161592.483694]
Send result back at [5951161593.2184925]
Send result back at [5951161594.015568]
Send result back at [5951161594.810782]
Send result back at [5951161595.599353]
Send result back at [5951161596.333703]
Send result back at [5951161597.146699]
Send result back at [5951161597.885193]
Send result back at [5951161598.752764]
Send result back at [5951161599.544662]
Send result back at [5951161600.264842]
Send result back at [5951161601.091197]
Send result back at [5951161601.880542]
Send result back at [5951161602.655146]
Send result back at [5951161603.434225]
Send result back at [5951161604.250468]
Send result back at [5951161605.0161295]
Processing image causes 242.547750 ms
New frame is ready, skip frame #142[199], captured at 3306021590 [5951161639.032792]
Process image #143[200] of size (1920x1280) captured at 3306030860 [5951161639.890999]
YOLOv5 takes 157.99498558044434ms [5951161824.8055315]
Send result back at [5951161827.013815]
Send result back at [5951161828.074852]
Send result back at [5951161829.062864]
Send result back at [5951161830.089743]
Send result back at [5951161831.012277]
Send result back at [5951161831.881903]
Send result back at [5951161832.876119]
Send result back at [5951161833.862347]
Send result back at [5951161835.173096]
Send result back at [5951161835.859589]
Send result back at [5951161836.532342]
Send result back at [5951161837.124145]
Send result back at [5951161837.744059]
Send result back at [5951161838.399213]
Send result back at [5951161839.442977]
Send result back at [5951161840.616916]
Send result back at [5951161841.324627]
Send result back at [5951161842.07916]
Send result back at [5951161842.823157]
Send result back at [5951161843.502255]
Send result back at [5951161844.266138]
Send result back at [5951161844.928931]
Send result back at [5951161845.974354]
Send result back at [5951161846.967032]
Send result back at [5951161848.0148115]
Send result back at [5951161849.027136]
Send result back at [5951161849.796092]
Send result back at [5951161850.547078]
Send result back at [5951161851.310145]
Send result back at [5951161852.060273]
Send result back at [5951161852.81537]
Send result back at [5951161853.540411]
Send result back at [5951161854.3072405]
Send result back at [5951161855.045067]
Send result back at [5951161855.886144]
Send result back at [5951161856.629057]
Send result back at [5951161857.44141]
Processing image causes 270.616770 ms
New frame is ready, skip frame #144[201], captured at 3306039860 [5951161910.5889435]
New frame is ready, skip frame #145[202], captured at 3306048500 [5951161910.598674]
Process image #146[203] of size (1920x1280) captured at 3306057680 [5951161912.275155]
YOLOv5 takes 157.66596794128418ms [5951162088.007441]
Send result back at [5951162090.360687]
Send result back at [5951162091.499828]
Send result back at [5951162092.508931]
Send result back at [5951162093.607324]
Send result back at [5951162094.584992]
Send result back at [5951162095.53326]
Send result back at [5951162096.587938]
Send result back at [5951162097.662445]
Send result back at [5951162098.705767]
Send result back at [5951162099.602314]
Send result back at [5951162100.487267]
Send result back at [5951162101.539455]
Send result back at [5951162102.592696]
Send result back at [5951162103.634548]
Send result back at [5951162104.739162]
Send result back at [5951162105.443581]
Send result back at [5951162106.076437]
Send result back at [5951162106.848872]
Send result back at [5951162107.6164]
Send result back at [5951162108.255541]
Send result back at [5951162109.00198]
Send result back at [5951162109.713327]
Send result back at [5951162110.426374]
Send result back at [5951162111.0334]
Send result back at [5951162111.671489]
Send result back at [5951162112.397235]
Send result back at [5951162113.026806]
Send result back at [5951162113.654298]
Processing image causes 238.366842 ms
New frame is ready, skip frame #147[204], captured at 3306066320 [5951162150.727191]
New frame is ready, skip frame #148[205], captured at 3306075410 [5951162150.739526]
Process image #149[206] of size (1920x1280) captured at 3306084410 [5951162151.765612]
YOLOv5 takes 157.77349472045898ms [5951162329.440308]
Send result back at [5951162330.890063]
Send result back at [5951162331.576305]
Send result back at [5951162332.692629]
Send result back at [5951162333.591404]
Send result back at [5951162334.301425]
Send result back at [5951162335.078981]
Send result back at [5951162335.85134]
Send result back at [5951162336.626209]
Send result back at [5951162337.328134]
Send result back at [5951162338.19389]
Send result back at [5951162338.984158]
Send result back at [5951162339.80126]
Send result back at [5951162340.573329]
Send result back at [5951162341.212401]
Send result back at [5951162342.039861]
Send result back at [5951162342.928295]
Send result back at [5951162343.800312]
Send result back at [5951162344.549063]
Send result back at [5951162345.2145815]
Send result back at [5951162345.95911]
Send result back at [5951162346.665724]
Send result back at [5951162347.797191]
Send result back at [5951162349.900602]
Send result back at [5951162351.476627]
Send result back at [5951162352.371069]
Send result back at [5951162353.050887]
Send result back at [5951162353.730551]
Send result back at [5951162354.433511]
Send result back at [5951162355.348866]
Send result back at [5951162356.097318]
Send result back at [5951162356.959448]
Processing image causes 257.795572 ms
New frame is ready, skip frame #150[207], captured at 3306093320 [5951162409.626695]
Process image #151[208] of size (1920x1280) captured at 3306102320 [5951162411.173584]
YOLOv5 takes 157.4554443359375ms [5951162586.495856]
Send result back at [5951162588.823562]
Send result back at [5951162589.8608]
Send result back at [5951162590.979467]
Send result back at [5951162591.955485]
Send result back at [5951162592.929909]
Send result back at [5951162594.008934]
Send result back at [5951162594.970752]
Send result back at [5951162595.904737]
Send result back at [5951162596.911771]
Send result back at [5951162597.928649]
Send result back at [5951162598.940749]
Send result back at [5951162599.99363]
Send result back at [5951162601.056454]
Send result back at [5951162601.996172]
Send result back at [5951162603.096691]
Send result back at [5951162604.184466]
Send result back at [5951162605.137333]
Send result back at [5951162606.00343]
Send result back at [5951162606.752354]
Send result back at [5951162607.399245]
Send result back at [5951162608.133972]
Send result back at [5951162608.845193]
Send result back at [5951162609.517206]
Send result back at [5951162610.361159]
Send result back at [5951162611.107127]
Send result back at [5951162611.814682]
Send result back at [5951162612.562662]
Send result back at [5951162613.329056]
Send result back at [5951162614.106516]
Send result back at [5951162614.767691]
Processing image causes 239.676237 ms
New frame is ready, skip frame #152[209], captured at 3306111320 [5951162650.920719]
New frame is ready, skip frame #153[210], captured at 3306120500 [5951162650.930015]
Process image #154[211] of size (1920x1280) captured at 3306129230 [5951162651.918546]
YOLOv5 takes 158.6291790008545ms [5951162836.347838]
Send result back at [5951162837.858535]
Send result back at [5951162839.070364]
Send result back at [5951162840.272608]
Send result back at [5951162841.038169]
Send result back at [5951162841.70222]
Send result back at [5951162842.320746]
Send result back at [5951162843.166814]
Send result back at [5951162844.1475725]
Send result back at [5951162844.8518305]
Send result back at [5951162845.697241]
Send result back at [5951162846.561109]
Send result back at [5951162847.550852]
Send result back at [5951162848.330513]
Send result back at [5951162849.202914]
Send result back at [5951162850.174255]
Send result back at [5951162851.225244]
Send result back at [5951162851.944134]
Send result back at [5951162852.686587]
Send result back at [5951162853.490961]
Send result back at [5951162854.596226]
Send result back at [5951162855.469713]
Send result back at [5951162856.321704]
Send result back at [5951162857.223654]
Send result back at [5951162858.24239]
Send result back at [5951162859.353758]
Send result back at [5951162860.572395]
Send result back at [5951162861.688482]
Send result back at [5951162863.161238]
Send result back at [5951162864.569311]
Send result back at [5951162865.642363]
Send result back at [5951162866.397641]
Send result back at [5951162867.288257]
Send result back at [5951162867.952423]
Processing image causes 249.557734 ms
New frame is ready, skip frame #155[212], captured at 3306138230 [5951162901.547405]
Process image #156[213] of size (1920x1280) captured at 3306147230 [5951162902.494393]
YOLOv5 takes 157.82546997070312ms [5951163090.980009]
Send result back at [5951163093.073071]
Send result back at [5951163094.203066]
Send result back at [5951163095.2805605]
Send result back at [5951163096.192973]
Send result back at [5951163097.051305]
Send result back at [5951163097.704083]
Send result back at [5951163098.583122]
Send result back at [5951163099.514802]
Send result back at [5951163100.45392]
Send result back at [5951163101.335914]
Send result back at [5951163102.3753605]
Send result back at [5951163103.225316]
Send result back at [5951163104.27876]
Send result back at [5951163105.069129]
Send result back at [5951163105.809573]
Send result back at [5951163106.506228]
Send result back at [5951163107.109929]
Send result back at [5951163107.780939]
Send result back at [5951163108.444485]
Send result back at [5951163109.144761]
Send result back at [5951163109.772059]
Send result back at [5951163110.516833]
Send result back at [5951163111.096835]
Send result back at [5951163111.700835]
Send result back at [5951163112.32763]
Send result back at [5951163113.010511]
Send result back at [5951163113.731471]
Send result back at [5951163114.328739]
Send result back at [5951163114.958028]
Send result back at [5951163115.579982]
Send result back at [5951163116.171548]
Send result back at [5951163116.751279]
Send result back at [5951163117.334032]
Send result back at [5951163118.013565]
Send result back at [5951163118.672437]
Processing image causes 255.427837 ms
New frame is ready, skip frame #157[214], captured at 3306156320 [5951163157.988488]
New frame is ready, skip frame #158[215], captured at 3306165410 [5951163157.997479]
Process image #159[216] of size (1920x1280) captured at 3306174410 [5951163159.018811]
YOLOv5 takes 157.8359603881836ms [5951163341.292459]
Send result back at [5951163343.082457]
Send result back at [5951163343.958253]
Send result back at [5951163344.673288]
Send result back at [5951163345.472213]
Send result back at [5951163346.2569475]
Send result back at [5951163347.027283]
Send result back at [5951163348.439819]
Send result back at [5951163349.9002]
Send result back at [5951163350.79474]
Send result back at [5951163351.466543]
Send result back at [5951163352.096651]
Send result back at [5951163352.869102]
Send result back at [5951163353.559987]
Send result back at [5951163354.269704]
Send result back at [5951163354.933841]
Send result back at [5951163355.528874]
Send result back at [5951163356.314999]
Send result back at [5951163357.029376]
Send result back at [5951163357.776174]
Send result back at [5951163358.443635]
Send result back at [5951163359.117016]
Send result back at [5951163359.769911]
Send result back at [5951163360.626342]
Send result back at [5951163361.444955]
Send result back at [5951163362.385722]
Send result back at [5951163363.223016]
Send result back at [5951163364.008868]
Send result back at [5951163364.950527]
Send result back at [5951163365.771419]
Send result back at [5951163366.602052]
Send result back at [5951163367.340231]
Processing image causes 242.326736 ms
New frame is ready, skip frame #160[217], captured at 3306183230 [5951163401.410496]
Process image #161[218] of size (1920x1280) captured at 3306192950 [5951163402.290564]
YOLOv5 takes 157.26184844970703ms [5951163579.912385]
Send result back at [5951163581.39777]
Send result back at [5951163582.315607]
Send result back at [5951163583.16625]
Send result back at [5951163583.9427185]
Send result back at [5951163584.705519]
Send result back at [5951163585.505535]
Send result back at [5951163586.237971]
Send result back at [5951163587.059496]
Send result back at [5951163587.905259]
Send result back at [5951163588.661082]
Send result back at [5951163589.437877]
Send result back at [5951163590.186442]
Send result back at [5951163590.982246]
Send result back at [5951163591.818341]
Send result back at [5951163592.5572405]
Send result back at [5951163593.290497]
Send result back at [5951163594.06132]
Send result back at [5951163594.850565]
Send result back at [5951163595.730994]
Send result back at [5951163596.486783]
Send result back at [5951163597.2896185]
Send result back at [5951163598.068733]
Send result back at [5951163598.83721]
Send result back at [5951163599.487954]
Send result back at [5951163600.23595]
Send result back at [5951163600.919691]
Send result back at [5951163601.948085]
Send result back at [5951163602.910119]
Send result back at [5951163603.71916]
Send result back at [5951163604.533807]
Processing image causes 249.667168 ms
New frame is ready, skip frame #162[219], captured at 3306201860 [5951163652.020021]
New frame is ready, skip frame #163[220], captured at 3306210500 [5951163652.028957]
Process image #164[221] of size (1920x1280) captured at 3306219320 [5951163653.0120735]
YOLOv5 takes 157.68074989318848ms [5951163828.777276]
Send result back at [5951163830.147834]
Send result back at [5951163830.866115]
Send result back at [5951163831.593804]
Send result back at [5951163832.35431]
Send result back at [5951163833.109846]
Send result back at [5951163833.814853]
Send result back at [5951163834.52891]
Send result back at [5951163835.190955]
Send result back at [5951163835.917024]
Send result back at [5951163836.637405]
Send result back at [5951163837.474872]
Send result back at [5951163838.604981]
Send result back at [5951163839.89495]
Send result back at [5951163840.629685]
Send result back at [5951163841.3859005]
Send result back at [5951163842.206533]
Send result back at [5951163843.034998]
Send result back at [5951163844.022774]
Send result back at [5951163845.132403]
Send result back at [5951163846.032824]
Send result back at [5951163847.008341]
Send result back at [5951163847.919004]
Send result back at [5951163848.774924]
Send result back at [5951163849.674722]
Send result back at [5951163850.660601]
Send result back at [5951163851.743449]
Send result back at [5951163852.657608]
Send result back at [5951163853.277797]
Send result back at [5951163854.163515]
Send result back at [5951163855.36622]
Send result back at [5951163856.454555]
Send result back at [5951163857.150927]
Processing image causes 238.255739 ms
New frame is ready, skip frame #165[222], captured at 3306228410 [5951163891.331943]
Process image #166[223] of size (1920x1280) captured at 3306237320 [5951163892.207158]
YOLOv5 takes 157.3474407196045ms [5951164067.313753]
Send result back at [5951164068.758566]
Send result back at [5951164069.504078]
Send result back at [5951164070.271518]
Send result back at [5951164071.110962]
Send result back at [5951164071.943679]
Send result back at [5951164072.739354]
Send result back at [5951164073.554368]
Send result back at [5951164074.28668]
Send result back at [5951164075.009776]
Send result back at [5951164075.867397]
Send result back at [5951164076.596018]
Send result back at [5951164077.382931]
Send result back at [5951164078.1732435]
Send result back at [5951164078.9987755]
Send result back at [5951164079.750061]
Send result back at [5951164080.520054]
Send result back at [5951164081.345717]
Send result back at [5951164082.082635]
Send result back at [5951164082.847898]
Send result back at [5951164083.582333]
Send result back at [5951164084.375739]
Send result back at [5951164085.133589]
Send result back at [5951164085.864773]
Send result back at [5951164086.7603]
Send result back at [5951164087.644663]
Send result back at [5951164088.52479]
Send result back at [5951164089.316922]
Send result back at [5951164090.044664]
Send result back at [5951164090.775669]
Send result back at [5951164091.630755]
Send result back at [5951164092.505594]
Processing image causes 234.128475 ms
New frame is ready, skip frame #167[224], captured at 3306246410 [5951164126.403242]
Process image #168[225] of size (1920x1280) captured at 3306255410 [5951164127.412891]
YOLOv5 takes 158.38241577148438ms [5951164307.874759]
Send result back at [5951164309.2895]
Send result back at [5951164310.190545]
Send result back at [5951164311.003526]
Send result back at [5951164311.818664]
Send result back at [5951164312.625002]
Send result back at [5951164313.378569]
Send result back at [5951164314.10696]
Send result back at [5951164314.86773]
Send result back at [5951164315.667318]
Send result back at [5951164316.382904]
Send result back at [5951164317.179743]
Send result back at [5951164317.904751]
Send result back at [5951164318.648003]
Send result back at [5951164319.453932]
Send result back at [5951164320.174301]
Send result back at [5951164320.89532]
Send result back at [5951164321.576293]
Send result back at [5951164322.296807]
Send result back at [5951164323.029016]
Send result back at [5951164323.871663]
Send result back at [5951164324.608782]
Send result back at [5951164325.4321]
Send result back at [5951164326.193456]
Send result back at [5951164327.050973]
Send result back at [5951164327.809355]
Send result back at [5951164328.6791]
Send result back at [5951164329.396738]
Send result back at [5951164330.425559]
Send result back at [5951164331.309238]
Send result back at [5951164332.175795]
Send result back at [5951164332.86594]
Send result back at [5951164333.546849]
Send result back at [5951164334.287237]
Processing image causes 243.482828 ms
New frame is ready, skip frame #169[226], captured at 3306264410 [5951164370.964933]
New frame is ready, skip frame #170[227], captured at 3306273320 [5951164370.974224]
Process image #171[228] of size (1920x1280) captured at 3306282500 [5951164371.908929]
YOLOv5 takes 158.111572265625ms [5951164547.884147]
Send result back at [5951164549.904268]
Send result back at [5951164550.902818]
Send result back at [5951164551.649688]
Send result back at [5951164552.290961]
Send result back at [5951164553.058932]
Send result back at [5951164553.798246]
Send result back at [5951164554.558561]
Send result back at [5951164555.218499]
Send result back at [5951164556.021128]
Send result back at [5951164556.741968]
Send result back at [5951164557.617609]
Send result back at [5951164558.469874]
Send result back at [5951164559.65292]
Send result back at [5951164560.799105]
Send result back at [5951164561.822693]
Send result back at [5951164562.758684]
Send result back at [5951164563.673877]
Send result back at [5951164564.884901]
Send result back at [5951164565.661723]
Send result back at [5951164566.292465]
Send result back at [5951164567.107965]
Send result back at [5951164568.0034275]
Send result back at [5951164568.744701]
Send result back at [5951164569.589849]
Send result back at [5951164570.440153]
Send result back at [5951164571.212219]
Send result back at [5951164572.011426]
Send result back at [5951164572.719064]
Send result back at [5951164573.57512]
Processing image causes 239.163399 ms
New frame is ready, skip frame #172[229], captured at 3306291320 [5951164611.158587]
Process image #173[230] of size (1920x1280) captured at 3306300410 [5951164612.113325]
YOLOv5 takes 157.84120559692383ms [5951164796.698987]
Send result back at [5951164798.140305]
Send result back at [5951164799.245848]
Send result back at [5951164800.164033]
Send result back at [5951164801.054311]
Send result back at [5951164802.062479]
Send result back at [5951164803.098253]
Send result back at [5951164804.065321]
Send result back at [5951164805.116465]
Send result back at [5951164805.940475]
Send result back at [5951164806.901546]
Send result back at [5951164807.721284]
Send result back at [5951164808.569411]
Send result back at [5951164809.555427]
Send result back at [5951164810.383675]
Send result back at [5951164811.435702]
Send result back at [5951164812.547822]
Send result back at [5951164813.505464]
Send result back at [5951164814.512101]
Send result back at [5951164815.490752]
Send result back at [5951164816.67496]
Send result back at [5951164817.57142]
Send result back at [5951164818.420505]
Send result back at [5951164819.4266]
Send result back at [5951164820.391028]
Send result back at [5951164821.464273]
Send result back at [5951164822.419274]
Send result back at [5951164823.518301]
Send result back at [5951164824.435351]
Send result back at [5951164825.389556]
Send result back at [5951164826.2834635]
Send result back at [5951164827.43896]
Send result back at [5951164828.259673]
Send result back at [5951164829.07602]
Processing image causes 254.857302 ms
New frame is ready, skip frame #174[231], captured at 3306309320 [5951164867.076639]
New frame is ready, skip frame #175[232], captured at 3306318590 [5951164867.091341]
Process image #176[233] of size (1920x1280) captured at 3306327320 [5951164868.049963]
YOLOv5 takes 157.9759120941162ms [5951165057.640102]
Send result back at [5951165059.631047]
Send result back at [5951165060.558851]
Send result back at [5951165061.48742]
Send result back at [5951165062.369962]
Send result back at [5951165063.230312]
Send result back at [5951165064.065057]
Send result back at [5951165065.047911]
Send result back at [5951165065.916961]
Send result back at [5951165066.799772]
Send result back at [5951165067.684378]
Send result back at [5951165068.571153]
Send result back at [5951165069.563615]
Send result back at [5951165070.5151005]
Send result back at [5951165071.665858]
Send result back at [5951165072.530943]
Send result back at [5951165073.685908]
Send result back at [5951165074.762445]
Send result back at [5951165075.886745]
Send result back at [5951165076.771484]
Send result back at [5951165077.718853]
Send result back at [5951165078.646577]
Send result back at [5951165079.606732]
Send result back at [5951165080.523749]
Send result back at [5951165081.4016485]
Send result back at [5951165082.542886]
Send result back at [5951165083.489165]
Send result back at [5951165084.589748]
Send result back at [5951165085.61464]
Send result back at [5951165086.515113]
Send result back at [5951165087.473344]
Send result back at [5951165088.481098]
Send result back at [5951165089.400042]
Send result back at [5951165090.278603]
Send result back at [5951165091.332795]
Send result back at [5951165092.325209]
Processing image causes 266.417027 ms
New frame is ready, skip frame #177[234], captured at 3306336320 [5951165134.533928]
Process image #178[235] of size (1920x1280) captured at 3306345230 [5951165135.466557]
YOLOv5 takes 157.73296356201172ms [5951165313.840008]
Send result back at [5951165315.361476]
Send result back at [5951165316.074488]
Send result back at [5951165317.031549]
Send result back at [5951165317.8038]
Send result back at [5951165318.71971]
Send result back at [5951165319.575118]
Send result back at [5951165320.546157]
Send result back at [5951165321.42524]
Send result back at [5951165322.1667795]
Send result back at [5951165322.93425]
Send result back at [5951165323.707474]
Send result back at [5951165324.655125]
Send result back at [5951165325.499935]
Send result back at [5951165326.204408]
Send result back at [5951165327.013516]
Send result back at [5951165327.730305]
Send result back at [5951165328.48928]
Send result back at [5951165329.256882]
Send result back at [5951165330.242808]
Send result back at [5951165331.165315]
Send result back at [5951165331.836282]
Send result back at [5951165332.586608]
Send result back at [5951165333.281463]
Send result back at [5951165334.034971]
Send result back at [5951165334.905014]
Send result back at [5951165335.794196]
Send result back at [5951165336.615228]
Send result back at [5951165337.412173]
Send result back at [5951165338.352895]
Send result back at [5951165339.121674]
Send result back at [5951165340.000263]
Send result back at [5951165340.869227]
Send result back at [5951165341.650719]
Send result back at [5951165342.53603]
Processing image causes 252.661943 ms
New frame is ready, skip frame #179[236], captured at 3306354590 [5951165388.225266]
New frame is ready, skip frame #180[237], captured at 3306363590 [5951165388.239816]
Process image #181[238] of size (1920x1280) captured at 3306372410 [5951165389.17808]
YOLOv5 takes 157.32073783874512ms [5951165576.353284]
Send result back at [5951165577.721299]
Send result back at [5951165578.540061]
Send result back at [5951165579.339042]
Send result back at [5951165580.122687]
Send result back at [5951165580.895713]
Send result back at [5951165581.627756]
Send result back at [5951165582.417575]
Send result back at [5951165583.136021]
Send result back at [5951165583.830686]
Send result back at [5951165584.60108]
Send result back at [5951165585.277171]
Send result back at [5951165585.96434]
Send result back at [5951165586.6356]
Send result back at [5951165587.35596]
Send result back at [5951165588.046964]
Send result back at [5951165588.723565]
Send result back at [5951165589.400416]
Send result back at [5951165590.11398]
Send result back at [5951165590.933953]
Send result back at [5951165591.716195]
Send result back at [5951165592.435917]
Send result back at [5951165593.221575]
Send result back at [5951165593.93188]
Send result back at [5951165594.695261]
Send result back at [5951165595.402646]
Send result back at [5951165596.073174]
Send result back at [5951165596.838316]
Send result back at [5951165597.635556]
Send result back at [5951165598.346878]
Send result back at [5951165599.078271]
Send result back at [5951165599.805418]
Processing image causes 256.789684 ms
New frame is ready, skip frame #182[239], captured at 3306381320 [5951165646.037559]
New frame is ready, skip frame #183[240], captured at 3306390680 [5951165646.047098]
Process image #184[241] of size (1920x1280) captured at 3306399230 [5951165647.303854]
YOLOv5 takes 158.0832004547119ms [5951165830.918413]
Send result back at [5951165832.824004]
Send result back at [5951165833.944206]
Send result back at [5951165834.87364]
Send result back at [5951165835.829198]
Send result back at [5951165836.853064]
Send result back at [5951165837.7977085]
Send result back at [5951165838.678203]
Send result back at [5951165839.381438]
Send result back at [5951165840.149626]
Send result back at [5951165840.91149]
Send result back at [5951165841.622659]
Send result back at [5951165842.337371]
Send result back at [5951165843.08571]
Send result back at [5951165843.826492]
Send result back at [5951165844.6627655]
Send result back at [5951165845.450531]
Send result back at [5951165846.414082]
Send result back at [5951165847.249442]
Send result back at [5951165848.153062]
Send result back at [5951165848.943684]
Send result back at [5951165849.629263]
Send result back at [5951165850.706176]
Send result back at [5951165851.510682]
Processing image causes 241.866827 ms
New frame is ready, skip frame #185[242], captured at 3306408860 [5951165889.238866]
Process image #186[243] of size (1920x1280) captured at 3306418040 [5951165890.12526]
YOLOv5 takes 157.72581100463867ms [5951166065.57417]
Send result back at [5951166067.991515]
Send result back at [5951166069.07773]
Send result back at [5951166070.091407]
Send result back at [5951166071.146059]
Send result back at [5951166072.17945]
Send result back at [5951166073.296614]
Send result back at [5951166074.222824]
Send result back at [5951166075.177414]
Send result back at [5951166076.207301]
Send result back at [5951166077.208427]
Send result back at [5951166078.197182]
Send result back at [5951166079.208918]
Send result back at [5951166080.192861]
Send result back at [5951166081.441058]
Send result back at [5951166082.514583]
Send result back at [5951166083.52918]
Send result back at [5951166084.565597]
Send result back at [5951166085.49464]
Send result back at [5951166086.434804]
Send result back at [5951166087.487889]
Send result back at [5951166088.431017]
Send result back at [5951166089.646837]
Send result back at [5951166090.573948]
Send result back at [5951166091.542886]
Send result back at [5951166092.454134]
Processing image causes 245.152235 ms
New frame is ready, skip frame #187[244], captured at 3306427040 [5951166135.360973]
Process image #188[245] of size (1920x1280) captured at 3306436040 [5951166136.277496]
YOLOv5 takes 157.70721435546875ms [5951166313.961825]
Send result back at [5951166315.375152]
Send result back at [5951166316.291617]
Send result back at [5951166317.254116]
Send result back at [5951166318.020223]
Send result back at [5951166318.74332]
Send result back at [5951166319.425619]
Send result back at [5951166320.114133]
Send result back at [5951166321.01597]
Send result back at [5951166321.97]
Send result back at [5951166322.837661]
Send result back at [5951166323.632613]
Send result back at [5951166324.483681]
Send result back at [5951166325.203808]
Send result back at [5951166326.023245]
Send result back at [5951166326.892155]
Send result back at [5951166327.877408]
Send result back at [5951166328.557769]
Send result back at [5951166329.166462]
Send result back at [5951166329.885941]
Send result back at [5951166330.842389]
Send result back at [5951166331.696027]
Send result back at [5951166332.346153]
Processing image causes 239.946604 ms
New frame is ready, skip frame #189[246], captured at 3306444500 [5951166376.311481]
New frame is ready, skip frame #190[247], captured at 3306453230 [5951166376.325449]
Process image #191[248] of size (1920x1280) captured at 3306462320 [5951166377.239427]
YOLOv5 takes 160.35819053649902ms [5951166567.770461]
Send result back at [5951166569.847928]
Send result back at [5951166570.835284]
Send result back at [5951166571.799537]
Send result back at [5951166572.731149]
Send result back at [5951166573.743842]
Send result back at [5951166574.676401]
Send result back at [5951166575.675662]
Send result back at [5951166576.812627]
Send result back at [5951166577.816569]
Send result back at [5951166578.725542]
Send result back at [5951166579.769211]
Send result back at [5951166580.875366]
Processing image causes 257.975817 ms
New frame is ready, skip frame #192[249], captured at 3306471140 [5951166635.31165]
Process image #193[250] of size (1920x1280) captured at 3306480230 [5951166636.199999]
YOLOv5 takes 157.83238410949707ms [5951166813.782148]
Send result back at [5951166815.778887]
Send result back at [5951166816.843244]
Send result back at [5951166817.867752]
Send result back at [5951166818.854656]
Send result back at [5951166819.828835]
Send result back at [5951166820.938118]
Send result back at [5951166822.189885]
Send result back at [5951166823.236904]
Send result back at [5951166824.381145]
Send result back at [5951166825.770482]
Processing image causes 225.760460 ms
New frame is ready, skip frame #194[251], captured at 3306489230 [5951166862.031391]
New frame is ready, skip frame #195[252], captured at 3306498500 [5951166862.041168]
Process image #196[253] of size (1920x1280) captured at 3306507860 [5951166863.268065]
YOLOv5 takes 157.3164463043213ms [5951167045.138736]
Send result back at [5951167047.666892]
Send result back at [5951167049.404998]
Send result back at [5951167051.242593]
Send result back at [5951167052.2086735]
Processing image causes 249.733448 ms
New frame is ready, skip frame #197[254], captured at 3306516860 [5951167113.114156]
Process image #198[255] of size (1920x1280) captured at 3306526040 [5951167115.578348]
YOLOv5 takes 157.54199028015137ms [5951167305.244701]
Send result back at [5951167306.813984]
Send result back at [5951167307.681754]
Send result back at [5951167308.598929]
Send result back at [5951167309.648306]
Send result back at [5951167311.129891]
Processing image causes 243.791103 ms
New frame is ready, skip frame #199[256], captured at 3306534770 [5951167359.441386]
New frame is ready, skip frame #200[257], captured at 3306543680 [5951167359.450075]
Process image #201[258] of size (1920x1280) captured at 3306552770 [5951167360.391697]
New client connected: <_SelectorSocketTransport fd=13 read=idle write=<idle, bufsize=0>>
