Current progress: 0/20
Current progress: 1/20
Current progress: 2/20
Current progress: 3/20
Current progress: 4/20
Current progress: 5/20
Current progress: 6/20
Current progress: 7/20
Current progress: 8/20
Current progress: 9/20
Current progress: 10/20
Current progress: 11/20
Current progress: 12/20
Current progress: 13/20
Current progress: 14/20
Current progress: 15/20
Current progress: 16/20
Current progress: 17/20
Current progress: 18/20
Current progress: 19/20
ts = [5951560952, 5951560952, 5951560952, 5951560952, 5951560952, 5951560952, 5951560952, 5951560952, 5951560952, 5951560952, 5951560952, 5951560953, 5951560953, 5951560953, 5951560953, ]
rts = [5951560952, 5951560952, 5951560952, 5951560952, 5951560952, 5951560952, 5951560952, 5951560952, 5951560952, 5951560952, 5951560953, 5951560953, 5951560953, 5951560953, 5951560953, ]
diff1 = [0, 0, 0, 0, 0, 0, 0, 0, 0, 0, -1, 0, 0, 0, 0, ]
diff2 = [0, 0, 0, 0, 0, 0, 0, 0, 0, 0, 0, 0, 0, 0, 0, ]
-0.06666666667 0
